# JRE version: OpenJDK Runtime Environment Temurin-17.0.3+7 (17.0.3+7) (build 17.0.3+7)
# Java VM: OpenJDK 64-Bit Server VM Temurin-17.0.3+7 (17.0.3+7, mixed mode, tiered, compressed oops, compressed class ptrs, g1 gc, windows-amd64)
GC Precious Log:
 CPUs: 4 total, 4 available
 Memory: 3795M
 Large Page Support: Disabled
 NUMA Support: Disabled
 Compressed Oops: Enabled (32-bit)
 Heap Region Size: 1M
 Heap Min Capacity: 8M
 Heap Initial Capacity: 60M
 Heap Max Capacity: 950M
 Pre-touch: Disabled
 Parallel Workers: 4
 Concurrent Workers: 1
 Concurrent Refinement Workers: 4
 Periodic GC: Disabled
Heap:
 garbage-first heap   total 25600K, used 14257K [0x00000000c4a00000, 0x0000000100000000)
  region size 1024K, 2 young (2048K), 1 survivors (1024K)
 Metaspace       used 36561K, committed 36928K, reserved 1081344K
  class space    used 4236K, committed 4416K, reserved 1048576K
GC Heap History (20 events):
Event: 7.287 GC heap before
{Heap before GC invocations=6 (full 0):
 garbage-first heap   total 24576K, used 17269K [0x00000000c4a00000, 0x0000000100000000)
  region size 1024K, 11 young (11264K), 2 survivors (2048K)
 Metaspace       used 25984K, committed 26240K, reserved 1073152K
  class space    used 2895K, committed 3008K, reserved 1048576K
}
Event: 7.291 GC heap after
{Heap after GC invocations=7 (full 0):
 garbage-first heap   total 24576K, used 8273K [0x00000000c4a00000, 0x0000000100000000)
  region size 1024K, 2 young (2048K), 2 survivors (2048K)
 Metaspace       used 25984K, committed 26240K, reserved 1073152K
  class space    used 2895K, committed 3008K, reserved 1048576K
}
Event: 7.892 GC heap before
{Heap before GC invocations=7 (full 0):
 garbage-first heap   total 24576K, used 16465K [0x00000000c4a00000, 0x0000000100000000)
  region size 1024K, 10 young (10240K), 2 survivors (2048K)
 Metaspace       used 27877K, committed 28096K, reserved 1081344K
  class space    used 3155K, committed 3264K, reserved 1048576K
}
Event: 7.895 GC heap after
{Heap after GC invocations=8 (full 0):
 garbage-first heap   total 24576K, used 9018K [0x00000000c4a00000, 0x0000000100000000)
  region size 1024K, 2 young (2048K), 2 survivors (2048K)
 Metaspace       used 27877K, committed 28096K, reserved 1081344K
  class space    used 3155K, committed 3264K, reserved 1048576K
}
Event: 8.422 GC heap before
{Heap before GC invocations=8 (full 0):
 garbage-first heap   total 24576K, used 17210K [0x00000000c4a00000, 0x0000000100000000)
  region size 1024K, 10 young (10240K), 2 survivors (2048K)
 Metaspace       used 29945K, committed 30208K, reserved 1081344K
  class space    used 3454K, committed 3584K, reserved 1048576K
}
Event: 8.427 GC heap after
{Heap after GC invocations=9 (full 0):
 garbage-first heap   total 24576K, used 10182K [0x00000000c4a00000, 0x0000000100000000)
  region size 1024K, 2 young (2048K), 2 survivors (2048K)
 Metaspace       used 29945K, committed 30208K, reserved 1081344K
  class space    used 3454K, committed 3584K, reserved 1048576K
}
Event: 19.985 GC heap before
{Heap before GC invocations=9 (full 0):
 garbage-first heap   total 24576K, used 17350K [0x00000000c4a00000, 0x0000000100000000)
  region size 1024K, 10 young (10240K), 2 survivors (2048K)
 Metaspace       used 31839K, committed 32192K, reserved 1081344K
  class space    used 3644K, committed 3776K, reserved 1048576K
}
Event: 19.991 GC heap after
{Heap after GC invocations=10 (full 0):
 garbage-first heap   total 24576K, used 11391K [0x00000000c4a00000, 0x0000000100000000)
  region size 1024K, 2 young (2048K), 2 survivors (2048K)
 Metaspace       used 31839K, committed 32192K, reserved 1081344K
  class space    used 3644K, committed 3776K, reserved 1048576K
}
Event: 21.433 GC heap before
{Heap before GC invocations=10 (full 0):
 garbage-first heap   total 24576K, used 17535K [0x00000000c4a00000, 0x0000000100000000)
  region size 1024K, 8 young (8192K), 2 survivors (2048K)
 Metaspace       used 32997K, committed 33344K, reserved 1081344K
  class space    used 3778K, committed 3904K, reserved 1048576K
}
Event: 21.437 GC heap after
{Heap after GC invocations=11 (full 0):
 garbage-first heap   total 24576K, used 11872K [0x00000000c4a00000, 0x0000000100000000)
  region size 1024K, 1 young (1024K), 1 survivors (1024K)
 Metaspace       used 32997K, committed 33344K, reserved 1081344K
  class space    used 3778K, committed 3904K, reserved 1048576K
}
Event: 21.801 GC heap before
{Heap before GC invocations=11 (full 0):
 garbage-first heap   total 24576K, used 16992K [0x00000000c4a00000, 0x0000000100000000)
  region size 1024K, 6 young (6144K), 1 survivors (1024K)
 Metaspace       used 33814K, committed 34176K, reserved 1081344K
  class space    used 3882K, committed 4032K, reserved 1048576K
}
Event: 21.807 GC heap after
{Heap after GC invocations=12 (full 0):
 garbage-first heap   total 24576K, used 12551K [0x00000000c4a00000, 0x0000000100000000)
  region size 1024K, 1 young (1024K), 1 survivors (1024K)
 Metaspace       used 33814K, committed 34176K, reserved 1081344K
  class space    used 3882K, committed 4032K, reserved 1048576K
}
Event: 22.612 GC heap before
{Heap before GC invocations=13 (full 0):
 garbage-first heap   total 24576K, used 17671K [0x00000000c4a00000, 0x0000000100000000)
  region size 1024K, 6 young (6144K), 1 survivors (1024K)
 Metaspace       used 34760K, committed 35072K, reserved 1081344K
  class space    used 4020K, committed 4160K, reserved 1048576K
}
Event: 22.615 GC heap after
{Heap after GC invocations=14 (full 0):
 garbage-first heap   total 24576K, used 13302K [0x00000000c4a00000, 0x0000000100000000)
  region size 1024K, 1 young (1024K), 1 survivors (1024K)
 Metaspace       used 34760K, committed 35072K, reserved 1081344K
  class space    used 4020K, committed 4160K, reserved 1048576K
}
Event: 23.472 GC heap before
{Heap before GC invocations=14 (full 0):
 garbage-first heap   total 24576K, used 18422K [0x00000000c4a00000, 0x0000000100000000)
  region size 1024K, 6 young (6144K), 1 survivors (1024K)
 Metaspace       used 35613K, committed 35904K, reserved 1081344K
  class space    used 4134K, committed 4288K, reserved 1048576K
}
Event: 23.474 GC heap after
{Heap after GC invocations=15 (full 0):
 garbage-first heap   total 24576K, used 13886K [0x00000000c4a00000, 0x0000000100000000)
  region size 1024K, 1 young (1024K), 1 survivors (1024K)
 Metaspace       used 35613K, committed 35904K, reserved 1081344K
  class space    used 4134K, committed 4288K, reserved 1048576K
}
Event: 97.290 GC heap before
{Heap before GC invocations=16 (full 0):
 garbage-first heap   total 25600K, used 19006K [0x00000000c4a00000, 0x0000000100000000)
  region size 1024K, 6 young (6144K), 1 survivors (1024K)
 Metaspace       used 36480K, committed 36864K, reserved 1081344K
  class space    used 4236K, committed 4416K, reserved 1048576K
}
Event: 97.294 GC heap after
{Heap after GC invocations=17 (full 0):
 garbage-first heap   total 25600K, used 14279K [0x00000000c4a00000, 0x0000000100000000)
  region size 1024K, 1 young (1024K), 1 survivors (1024K)
 Metaspace       used 36480K, committed 36864K, reserved 1081344K
  class space    used 4236K, committed 4416K, reserved 1048576K
}
Event: 366.257 GC heap before
{Heap before GC invocations=17 (full 0):
 garbage-first heap   total 25600K, used 19399K [0x00000000c4a00000, 0x0000000100000000)
  region size 1024K, 6 young (6144K), 1 survivors (1024K)
 Metaspace       used 36561K, committed 36928K, reserved 1081344K
  class space    used 4236K, committed 4416K, reserved 1048576K
}
Event: 366.259 GC heap after
{Heap after GC invocations=18 (full 0):
 garbage-first heap   total 25600K, used 14257K [0x00000000c4a00000, 0x0000000100000000)
  region size 1024K, 1 young (1024K), 1 survivors (1024K)
 Metaspace       used 36561K, committed 36928K, reserved 1081344K
  class space    used 4236K, committed 4416K, reserved 1048576K
}

